******************* GDI DUMP => Date : Tue Mar 27 21:31:19 2018

The up-to-date firmware is too big for this board. Can't update.
**** End of GDI DUMP ****
******************* GDI DUMP => Date : Tue Mar 27 21:32:12 2018

Communication error with ST-Link.
Try to start it.
**** End of GDI DUMP ****
******************* GDI DUMP => Date : Tue Mar 27 21:32:19 2018

No ST-Link device detected.
Please connect it and then retry.
**** End of GDI DUMP ****
******************* GDI DUMP => Date : Tue Mar 27 21:32:27 2018

Error after GoToUsbLoader command.
Ensure the hardware is recent enough for the software.
Try to restart it.
**** End of GDI DUMP ****
******************* GDI DUMP => Date : Tue Mar 27 21:32:37 2018

No ST-Link device detected.
Please connect it and then retry.
**** End of GDI DUMP ****
******************* GDI DUMP => Date : Tue Mar 27 21:32:38 2018

No ST-Link device detected.
Please connect it and then retry.
**** End of GDI DUMP ****
******************* GDI DUMP => Date : Tue Mar 27 21:32:40 2018

No ST-Link device detected.
Please connect it and then retry.
**** End of GDI DUMP ****
******************* GDI DUMP => Date : Tue Mar 27 21:50:32 2018

No ST-Link device detected.
Please connect it and then retry.
**** End of GDI DUMP ****
******************* GDI DUMP => Date : Tue Mar 27 21:50:34 2018

No ST-Link device detected.
Please connect it and then retry.
**** End of GDI DUMP ****
******************* GDI DUMP => Date : Tue Mar 27 21:51:02 2018

No ST-Link device detected.
Please connect it and then retry.
**** End of GDI DUMP ****
******************* GDI DUMP => Date : Tue Mar 27 21:51:08 2018

No ST-Link device detected.
Please connect it and then retry.
**** End of GDI DUMP ****
******************* GDI DUMP => Date : Tue Mar 27 23:04:11 2018

Error after GoToUsbLoader command.
Ensure the hardware is recent enough for the software.
Try to restart it.
**** End of GDI DUMP ****
******************* GDI DUMP => Date : Tue Mar 27 23:04:24 2018

Communication error with ST-Link.
Try to start it.
**** End of GDI DUMP ****
******************* GDI DUMP => Date : Tue Mar 27 23:04:28 2018

No ST-Link device detected.
Please connect it and then retry.
**** End of GDI DUMP ****
******************* GDI DUMP => Date : Tue Mar 27 23:04:31 2018

Error after GoToUsbLoader command.
Ensure the hardware is recent enough for the software.
Try to restart it.
**** End of GDI DUMP ****
******************* GDI DUMP => Date : Tue Mar 27 23:04:45 2018

Communication error with ST-Link.
Try to start it.
**** End of GDI DUMP ****
******************* GDI DUMP => Date : Tue Mar 27 23:10:55 2018

The up-to-date firmware is too big for this board. Can't update.
**** End of GDI DUMP ****
******************* GDI DUMP => Date : Wed Mar 28 20:29:08 2018

No ST-Link device detected.
Please connect it and then retry.
**** End of GDI DUMP ****
******************* GDI DUMP => Date : Wed Mar 28 20:37:10 2018

No ST-Link device detected.
Please connect it and then retry.
**** End of GDI DUMP ****
******************* GDI DUMP => Date : Sat Mar 31 21:48:21 2018

Communication error with ST-Link.
Try to start it.
**** End of GDI DUMP ****
******************* GDI DUMP => Date : Sat Mar 31 21:48:29 2018

No ST-Link device detected.
Please connect it and then retry.
**** End of GDI DUMP ****
******************* GDI DUMP => Date : Fri Apr 13 20:20:15 2018

No ST-Link device detected.
Please connect it and then retry.
**** End of GDI DUMP ****
******************* GDI DUMP => Date : Fri Apr 13 20:20:16 2018

No ST-Link device detected.
Please connect it and then retry.
**** End of GDI DUMP ****
******************* GDI DUMP => Date : Fri Apr 13 20:20:33 2018

No ST-Link device detected.
Please connect it and then retry.
**** End of GDI DUMP ****
******************* GDI DUMP => Date : Wed Apr 18 15:10:09 2018

Error after GoToUsbLoader command.
Ensure the hardware is recent enough for the software.
Try to restart it.
**** End of GDI DUMP ****
******************* GDI DUMP => Date : Wed Apr 18 15:10:11 2018

Communication error with ST-Link.
Try to start it.
**** End of GDI DUMP ****
******************* GDI DUMP => Date : Wed Apr 18 15:10:21 2018

Error after GoToUsbLoader command.
Ensure the hardware is recent enough for the software.
Try to restart it.
**** End of GDI DUMP ****
******************* GDI DUMP => Date : Wed Apr 18 15:10:30 2018

Communication error with ST-Link.
Try to start it.
**** End of GDI DUMP ****
******************* GDI DUMP => Date : Wed Apr 18 15:10:34 2018

Communication error with ST-Link.
Try to start it.
**** End of GDI DUMP ****
******************* GDI DUMP => Date : Wed Apr 18 15:10:39 2018

Communication error with ST-Link.
Try to start it.
**** End of GDI DUMP ****
******************* GDI DUMP => Date : Wed Apr 18 15:10:44 2018

Communication error with ST-Link.
Try to start it.
**** End of GDI DUMP ****
******************* GDI DUMP => Date : Sun Apr 22 20:32:31 2018

No ST-Link device detected.
Please connect it and then retry.
**** End of GDI DUMP ****
******************* GDI DUMP => Date : Sun Apr 22 20:32:37 2018

No ST-Link device detected.
Please connect it and then retry.
**** End of GDI DUMP ****
******************* GDI DUMP => Date : Sun Apr 22 20:32:39 2018

No ST-Link device detected.
Please connect it and then retry.
**** End of GDI DUMP ****
******************* GDI DUMP => Date : Sun Apr 22 20:33:08 2018

No ST-Link device detected.
Please connect it and then retry.
**** End of GDI DUMP ****
******************* GDI DUMP => Date : Thu Jul 05 16:47:16 2018

No ST-Link device detected.
Please connect it and then retry.
**** End of GDI DUMP ****
